# JRE version: OpenJDK Runtime Environment (8.0_171-b11) (build 1.8.0_171-8u171-b11-0ubuntu0.17.10.1-b11)
# Java VM: OpenJDK 64-Bit Server VM (25.171-b11 mixed mode linux-amd64 compressed oops)
Heap:
 PSYoungGen      total 827392K, used 4713K [0x000000076d000000, 0x00000007a7e80000, 0x00000007c0000000)
  eden space 821248K, 0% used [0x000000076d000000,0x000000076d000000,0x000000079f200000)
  from space 6144K, 76% used [0x00000007a7880000,0x00000007a7d1a6d8,0x00000007a7e80000)
  to   space 6144K, 0% used [0x000000079f200000,0x000000079f200000,0x000000079f800000)
 ParOldGen       total 97792K, used 10782K [0x00000006c7000000, 0x00000006ccf80000, 0x000000076d000000)
  object space 97792K, 11% used [0x00000006c7000000,0x00000006c7a87b38,0x00000006ccf80000)
 Metaspace       used 28625K, capacity 29042K, committed 29312K, reserved 1075200K
  class space    used 3515K, capacity 3617K, committed 3712K, reserved 1048576K
GC Heap History (10 events):
Event: 6.817 GC heap after
Heap after GC invocations=8 (full 0):
 PSYoungGen      total 519168K, used 5102K [0x000000076d000000, 0x000000078d300000, 0x00000007c0000000)
  eden space 514048K, 0% used [0x000000076d000000,0x000000076d000000,0x000000078c600000)
  from space 5120K, 99% used [0x000000078cc00000,0x000000078d0fb898,0x000000078d100000)
  to   space 6144K, 0% used [0x000000078c600000,0x000000078c600000,0x000000078cc00000)
 ParOldGen       total 171008K, used 2657K [0x00000006c7000000, 0x00000006d1700000, 0x000000076d000000)
  object space 171008K, 1% used [0x00000006c7000000,0x00000006c72985f0,0x00000006d1700000)
 Metaspace       used 18089K, capacity 18342K, committed 18432K, reserved 1064960K
  class space    used 2142K, capacity 2227K, committed 2304K, reserved 1048576K
}
Event: 7.791 GC heap before
{Heap before GC invocations=9 (full 0):
 PSYoungGen      total 519168K, used 214906K [0x000000076d000000, 0x000000078d300000, 0x00000007c0000000)
  eden space 514048K, 40% used [0x000000076d000000,0x0000000779ce3340,0x000000078c600000)
  from space 5120K, 99% used [0x000000078cc00000,0x000000078d0fb898,0x000000078d100000)
  to   space 6144K, 0% used [0x000000078c600000,0x000000078c600000,0x000000078cc00000)
 ParOldGen       total 171008K, used 2657K [0x00000006c7000000, 0x00000006d1700000, 0x000000076d000000)
  object space 171008K, 1% used [0x00000006c7000000,0x00000006c72985f0,0x00000006d1700000)
 Metaspace       used 20989K, capacity 21230K, committed 21296K, reserved 1069056K
  class space    used 2478K, capacity 2551K, committed 2560K, reserved 1048576K
Event: 7.810 GC heap after
Heap after GC invocations=9 (full 0):
 PSYoungGen      total 520192K, used 4010K [0x000000076d000000, 0x000000079ff80000, 0x00000007c0000000)
  eden space 514048K, 0% used [0x000000076d000000,0x000000076d000000,0x000000078c600000)
  from space 6144K, 65% used [0x000000078c600000,0x000000078c9eaa30,0x000000078cc00000)
  to   space 6144K, 0% used [0x000000079f980000,0x000000079f980000,0x000000079ff80000)
 ParOldGen       total 171008K, used 3233K [0x00000006c7000000, 0x00000006d1700000, 0x000000076d000000)
  object space 171008K, 1% used [0x00000006c7000000,0x00000006c7328600,0x00000006d1700000)
 Metaspace       used 20989K, capacity 21230K, committed 21296K, reserved 1069056K
  class space    used 2478K, capacity 2551K, committed 2560K, reserved 1048576K
}
Event: 7.810 GC heap before
{Heap before GC invocations=10 (full 1):
 PSYoungGen      total 520192K, used 4010K [0x000000076d000000, 0x000000079ff80000, 0x00000007c0000000)
  eden space 514048K, 0% used [0x000000076d000000,0x000000076d000000,0x000000078c600000)
  from space 6144K, 65% used [0x000000078c600000,0x000000078c9eaa30,0x000000078cc00000)
  to   space 6144K, 0% used [0x000000079f980000,0x000000079f980000,0x000000079ff80000)
 ParOldGen       total 171008K, used 3233K [0x00000006c7000000, 0x00000006d1700000, 0x000000076d000000)
  object space 171008K, 1% used [0x00000006c7000000,0x00000006c7328600,0x00000006d1700000)
 Metaspace       used 20989K, capacity 21230K, committed 21296K, reserved 1069056K
  class space    used 2478K, capacity 2551K, committed 2560K, reserved 1048576K
Event: 7.883 GC heap after
Heap after GC invocations=10 (full 1):
 PSYoungGen      total 520192K, used 0K [0x000000076d000000, 0x000000079ff80000, 0x00000007c0000000)
  eden space 514048K, 0% used [0x000000076d000000,0x000000076d000000,0x000000078c600000)
  from space 6144K, 0% used [0x000000078c600000,0x000000078c600000,0x000000078cc00000)
  to   space 6144K, 0% used [0x000000079f980000,0x000000079f980000,0x000000079ff80000)
 ParOldGen       total 97792K, used 6518K [0x00000006c7000000, 0x00000006ccf80000, 0x000000076d000000)
  object space 97792K, 6% used [0x00000006c7000000,0x00000006c765dae8,0x00000006ccf80000)
 Metaspace       used 20989K, capacity 21230K, committed 21296K, reserved 1069056K
  class space    used 2478K, capacity 2551K, committed 2560K, reserved 1048576K
}
Event: 10.470 GC heap before
{Heap before GC invocations=11 (full 1):
 PSYoungGen      total 520192K, used 514048K [0x000000076d000000, 0x000000079ff80000, 0x00000007c0000000)
  eden space 514048K, 100% used [0x000000076d000000,0x000000078c600000,0x000000078c600000)
  from space 6144K, 0% used [0x000000078c600000,0x000000078c600000,0x000000078cc00000)
  to   space 6144K, 0% used [0x000000079f980000,0x000000079f980000,0x000000079ff80000)
 ParOldGen       total 97792K, used 6518K [0x00000006c7000000, 0x00000006ccf80000, 0x000000076d000000)
  object space 97792K, 6% used [0x00000006c7000000,0x00000006c765dae8,0x00000006ccf80000)
 Metaspace       used 25242K, capacity 25524K, committed 25728K, reserved 1071104K
  class space    used 3059K, capacity 3148K, committed 3200K, reserved 1048576K
Event: 10.574 GC heap after
Heap after GC invocations=11 (full 1):
 PSYoungGen      total 706048K, used 4342K [0x000000076d000000, 0x000000079fe00000, 0x00000007c0000000)
  eden space 701440K, 0% used [0x000000076d000000,0x000000076d000000,0x0000000797d00000)
  from space 4608K, 94% used [0x000000079f980000,0x000000079fdbd9d8,0x000000079fe00000)
  to   space 6144K, 0% used [0x000000079f200000,0x000000079f200000,0x000000079f800000)
 ParOldGen       total 97792K, used 6526K [0x00000006c7000000, 0x00000006ccf80000, 0x000000076d000000)
  object space 97792K, 6% used [0x00000006c7000000,0x00000006c765fae8,0x00000006ccf80000)
 Metaspace       used 25242K, capacity 25524K, committed 25728K, reserved 1071104K
  class space    used 3059K, capacity 3148K, committed 3200K, reserved 1048576K
}
Event: 13.797 GC heap before
{Heap before GC invocations=12 (full 1):
 PSYoungGen      total 706048K, used 705782K [0x000000076d000000, 0x000000079fe00000, 0x00000007c0000000)
  eden space 701440K, 100% used [0x000000076d000000,0x0000000797d00000,0x0000000797d00000)
  from space 4608K, 94% used [0x000000079f980000,0x000000079fdbd9d8,0x000000079fe00000)
  to   space 6144K, 0% used [0x000000079f200000,0x000000079f200000,0x000000079f800000)
 ParOldGen       total 97792K, used 6526K [0x00000006c7000000, 0x00000006ccf80000, 0x000000076d000000)
  object space 97792K, 6% used [0x00000006c7000000,0x00000006c765fae8,0x00000006ccf80000)
 Metaspace       used 26828K, capacity 27164K, committed 27520K, reserved 1073152K
  class space    used 3266K, capacity 3384K, committed 3456K, reserved 1048576K
Event: 13.838 GC heap after
Heap after GC invocations=12 (full 1):
 PSYoungGen      total 827392K, used 5053K [0x000000076d000000, 0x00000007a7e80000, 0x00000007c0000000)
  eden space 821248K, 0% used [0x000000076d000000,0x000000076d000000,0x000000079f200000)
  from space 6144K, 82% used [0x000000079f200000,0x000000079f6ef4b0,0x000000079f800000)
  to   space 6144K, 0% used [0x00000007a7880000,0x00000007a7880000,0x00000007a7e80000)
 ParOldGen       total 97792K, used 8418K [0x00000006c7000000, 0x00000006ccf80000, 0x000000076d000000)
  object space 97792K, 8% used [0x00000006c7000000,0x00000006c7838b28,0x00000006ccf80000)
 Metaspace       used 26828K, capacity 27164K, committed 27520K, reserved 1073152K
  class space    used 3266K, capacity 3384K, committed 3456K, reserved 1048576K
}
Event: 16.803 GC heap before
{Heap before GC invocations=13 (full 1):
 PSYoungGen      total 827392K, used 826301K [0x000000076d000000, 0x00000007a7e80000, 0x00000007c0000000)
  eden space 821248K, 100% used [0x000000076d000000,0x000000079f200000,0x000000079f200000)
  from space 6144K, 82% used [0x000000079f200000,0x000000079f6ef4b0,0x000000079f800000)
  to   space 6144K, 0% used [0x00000007a7880000,0x00000007a7880000,0x00000007a7e80000)
 ParOldGen       total 97792K, used 8418K [0x00000006c7000000, 0x00000006ccf80000, 0x000000076d000000)
  object space 97792K, 8% used [0x00000006c7000000,0x00000006c7838b28,0x00000006ccf80000)
 Metaspace       used 28625K, capacity 29042K, committed 29312K, reserved 1075200K
  class space    used 3515K, capacity 3617K, committed 3712K, reserved 1048576K

